Build started 2015-10-16 오후 9:24:00.
     1>Project "C:\Users\Q\Desktop\NewRoad\Lab 08c\Lab 08c\Lab 08c.vcxproj" on node 2 (Build target(s)).
     1>ClCompile:
         C:\Program Files (x86)\Microsoft Visual Studio 14.0\VC\bin\CL.exe /c /ZI /nologo /W3 /WX- /sdl /Od /Oy- /D _MBCS /Gm /EHsc /RTC1 /MDd /GS /fp:precise /Zc:wchar_t /Zc:forScope /Zc:inline /Fo"Debug\\" /Fd"Debug\vc140.pdb" /Gd /TP /analyze- /errorReport:prompt MoonJeongOokLab08cSort.cpp
         MoonJeongOokLab08cSort.cpp
     1>c:\users\q\desktop\newroad\lab 08c\lab 08c\moonjeongooklab08csort.cpp(48): warning C4244: 'argument': conversion from 'time_t' to 'unsigned int', possible loss of data
     1>c:\program files (x86)\microsoft visual studio 14.0\vc\include\xmemory0(657): warning C4244: 'initializing': conversion from 'double' to 'int', possible loss of data
         c:\program files (x86)\microsoft visual studio 14.0\vc\include\xmemory0(775): note: see reference to function template instantiation 'void std::allocator<_Ty>::construct<_Objty,double&>(_Objty *,double &)' being compiled
                 with
                 [
                     _Ty=int,
                     _Objty=int
                 ]
         c:\program files (x86)\microsoft visual studio 14.0\vc\include\xmemory0(775): note: see reference to function template instantiation 'void std::allocator<_Ty>::construct<_Objty,double&>(_Objty *,double &)' being compiled
                 with
                 [
                     _Ty=int,
                     _Objty=int
                 ]
         c:\program files (x86)\microsoft visual studio 14.0\vc\include\xmemory0(920): note: see reference to function template instantiation 'void std::allocator_traits<_Alloc>::construct<_Ty,double&>(std::allocator<_Ty> &,_Objty *,double &)' being compiled
                 with
                 [
                     _Alloc=std::allocator<int>,
                     _Ty=int,
                     _Objty=int
                 ]
         c:\program files (x86)\microsoft visual studio 14.0\vc\include\xmemory0(920): note: see reference to function template instantiation 'void std::allocator_traits<_Alloc>::construct<_Ty,double&>(std::allocator<_Ty> &,_Objty *,double &)' being compiled
                 with
                 [
                     _Alloc=std::allocator<int>,
                     _Ty=int,
                     _Objty=int
                 ]
         c:\program files (x86)\microsoft visual studio 14.0\vc\include\xmemory(379): note: see reference to function template instantiation 'void std::_Wrap_alloc<std::allocator<_Ty>>::construct<int,double&>(_Ty *,double &)' being compiled
                 with
                 [
                     _Ty=int
                 ]
         c:\program files (x86)\microsoft visual studio 14.0\vc\include\xmemory(379): note: see reference to function template instantiation 'void std::_Wrap_alloc<std::allocator<_Ty>>::construct<int,double&>(_Ty *,double &)' being compiled
                 with
                 [
                     _Ty=int
                 ]
         c:\program files (x86)\microsoft visual studio 14.0\vc\include\xmemory(416): note: see reference to function template instantiation '_FwdIt std::_Uninit_copy<_InIt,_FwdIt,std::allocator<_Ty>>(_InIt,_InIt,_FwdIt,std::_Wrap_alloc<std::allocator<_Ty>> &,std::_Nonscalar_ptr_iterator_tag)' being compiled
                 with
                 [
                     _FwdIt=int *,
                     _InIt=double *,
                     _Ty=int
                 ]
         c:\program files (x86)\microsoft visual studio 14.0\vc\include\xmemory(427): note: see reference to function template instantiation '_FwdIt std::_Uninit_copy<_Iter,int,_Alloc>(_InIt,_InIt,_FwdIt,_Alloc &)' being compiled
                 with
                 [
                     _FwdIt=int *,
                     _Iter=double *,
                     _Alloc=std::_Wrap_alloc<std::allocator<int>>,
                     _InIt=double *
                 ]
         c:\program files (x86)\microsoft visual studio 14.0\vc\include\vector(1672): note: see reference to function template instantiation '_FwdIt std::_Uninitialized_copy<_Iter,int*,std::_Wrap_alloc<std::allocator<_Ty>>>(_InIt,_InIt,_FwdIt,_Alloc &)' being compiled
                 with
                 [
                     _FwdIt=int *,
                     _Iter=double *,
                     _Ty=int,
                     _InIt=double *,
                     _Alloc=std::_Wrap_alloc<std::allocator<int>>
                 ]
         c:\program files (x86)\microsoft visual studio 14.0\vc\include\vector(817): note: see reference to function template instantiation 'int *std::vector<int,std::allocator<_Ty>>::_Ucopy<_Iter>(_Iter,_Iter,int *)' being compiled
                 with
                 [
                     _Ty=int,
                     _Iter=double *
                 ]
         c:\program files (x86)\microsoft visual studio 14.0\vc\include\vector(817): note: see reference to function template instantiation 'int *std::vector<int,std::allocator<_Ty>>::_Ucopy<_Iter>(_Iter,_Iter,int *)' being compiled
                 with
                 [
                     _Ty=int,
                     _Iter=double *
                 ]
         c:\program files (x86)\microsoft visual studio 14.0\vc\include\vector(792): note: see reference to function template instantiation 'void std::vector<int,std::allocator<_Ty>>::_Construct<_Iter>(_Iter,_Iter,std::forward_iterator_tag)' being compiled
                 with
                 [
                     _Ty=int,
                     _Iter=double *
                 ]
         c:\program files (x86)\microsoft visual studio 14.0\vc\include\vector(792): note: see reference to function template instantiation 'void std::vector<int,std::allocator<_Ty>>::_Construct<_Iter>(_Iter,_Iter,std::forward_iterator_tag)' being compiled
                 with
                 [
                     _Ty=int,
                     _Iter=double *
                 ]
         c:\program files (x86)\microsoft visual studio 14.0\vc\include\vector(777): note: see reference to function template instantiation 'void std::vector<int,std::allocator<_Ty>>::_Construct<_Iter>(_Iter,_Iter)' being compiled
                 with
                 [
                     _Ty=int,
                     _Iter=double *
                 ]
         c:\program files (x86)\microsoft visual studio 14.0\vc\include\vector(777): note: see reference to function template instantiation 'void std::vector<int,std::allocator<_Ty>>::_Construct<_Iter>(_Iter,_Iter)' being compiled
                 with
                 [
                     _Ty=int,
                     _Iter=double *
                 ]
         c:\users\q\desktop\newroad\lab 08c\lab 08c\moonjeongooklab08csort.cpp(42): note: see reference to function template instantiation 'std::vector<int,std::allocator<_Ty>>::vector<double*,void>(_Iter,_Iter)' being compiled
                 with
                 [
                     _Ty=int,
                     _Iter=double *
                 ]
         c:\users\q\desktop\newroad\lab 08c\lab 08c\moonjeongooklab08csort.cpp(42): note: see reference to function template instantiation 'std::vector<int,std::allocator<_Ty>>::vector<double*,void>(_Iter,_Iter)' being compiled
                 with
                 [
                     _Ty=int,
                     _Iter=double *
                 ]
       Link:
         C:\Program Files (x86)\Microsoft Visual Studio 14.0\VC\bin\link.exe /ERRORREPORT:PROMPT /OUT:"C:\Users\Q\Desktop\NewRoad\Lab 08c\Debug\Lab 08c.exe" /INCREMENTAL /NOLOGO kernel32.lib user32.lib gdi32.lib winspool.lib comdlg32.lib advapi32.lib shell32.lib ole32.lib oleaut32.lib uuid.lib odbc32.lib odbccp32.lib /MANIFEST /MANIFESTUAC:"level='asInvoker' uiAccess='false'" /manifest:embed /Debug /PDB:"C:\Users\Q\Desktop\NewRoad\Lab 08c\Debug\Lab 08c.pdb" /TLBID:1 /DYNAMICBASE /NXCOMPAT /IMPLIB:"C:\Users\Q\Desktop\NewRoad\Lab 08c\Debug\Lab 08c.lib" /MACHINE:X86 Debug\MoonJeongOokLab08cSort.obj
         Lab 08c.vcxproj -> C:\Users\Q\Desktop\NewRoad\Lab 08c\Debug\Lab 08c.exe
     1>Done Building Project "C:\Users\Q\Desktop\NewRoad\Lab 08c\Lab 08c\Lab 08c.vcxproj" (Build target(s)).

Build succeeded.

Time Elapsed 00:00:01.22
