Build started 2015-12-02 오후 11:31:22.
     1>Project "C:\Users\Q\Desktop\NewRoad\Lab14b SortableDynamicArray Application BigData\Lab14b SortableDynamicArray Application BigData\Lab14b SortableDynamicArray Application BigData.vcxproj" on node 2 (Build target(s)).
     1>ClCompile:
         C:\Program Files (x86)\Microsoft Visual Studio 14.0\VC\bin\CL.exe /c /Zi /nologo /W3 /WX- /sdl /O2 /Oi /Oy- /GL /D _MBCS /Gm- /EHsc /MD /GS /Gy /fp:precise /Zc:wchar_t /Zc:forScope /Zc:inline /Fo"Release\\" /Fd"Release\vc140.pdb" /Gd /TP /analyze- /errorReport:prompt MoonJeongOokLab14bDvcSchedule14b.cpp
         MoonJeongOokLab14bDvcSchedule14b.cpp
     1>c:\users\q\desktop\newroad\lab14b sortabledynamicarray application bigdata\lab14b sortabledynamicarray application bigdata\MoonJeongOokLab14aSortableDynamicArray.h(49): warning C4018: '<': signed/unsigned mismatch
         c:\users\q\desktop\newroad\lab14b sortabledynamicarray application bigdata\lab14b sortabledynamicarray application bigdata\MoonJeongOokLab14aSortableDynamicArray.h(44): note: while compiling class template member function 'SortableDynamicArray<Data>::SortableDynamicArray(int)'
         MoonJeongOokLab14bDvcSchedule14b.cpp(59): note: see reference to function template instantiation 'SortableDynamicArray<Data>::SortableDynamicArray(int)' being compiled
         MoonJeongOokLab14bDvcSchedule14b.cpp(59): note: see reference to class template instantiation 'SortableDynamicArray<Data>' being compiled
       Link:
         C:\Program Files (x86)\Microsoft Visual Studio 14.0\VC\bin\link.exe /ERRORREPORT:PROMPT /OUT:"C:\Users\Q\Desktop\NewRoad\Lab14b SortableDynamicArray Application BigData\Release\Lab14b SortableDynamicArray Application BigData.exe" /NOLOGO kernel32.lib user32.lib gdi32.lib winspool.lib comdlg32.lib advapi32.lib shell32.lib ole32.lib oleaut32.lib uuid.lib odbc32.lib odbccp32.lib /MANIFEST /MANIFESTUAC:"level='asInvoker' uiAccess='false'" /manifest:embed /Debug /PDB:"C:\Users\Q\Desktop\NewRoad\Lab14b SortableDynamicArray Application BigData\Release\Lab14b SortableDynamicArray Application BigData.pdb" /OPT:REF /OPT:ICF /LTCG:incremental /TLBID:1 /DYNAMICBASE /NXCOMPAT /IMPLIB:"C:\Users\Q\Desktop\NewRoad\Lab14b SortableDynamicArray Application BigData\Release\Lab14b SortableDynamicArray Application BigData.lib" /MACHINE:X86 /SAFESEH Release\MoonJeongOokLab14bDvcSchedule14b.obj
         Generating code
         1 of 375 functions ( 0.3%) were compiled, the rest were copied from previous compilation.
           0 functions were new in current compilation
           0 functions had inline decision re-evaluated but remain unchanged
         Finished generating code
         Lab14b SortableDynamicArray Application BigData.vcxproj -> C:\Users\Q\Desktop\NewRoad\Lab14b SortableDynamicArray Application BigData\Release\Lab14b SortableDynamicArray Application BigData.exe
     1>Done Building Project "C:\Users\Q\Desktop\NewRoad\Lab14b SortableDynamicArray Application BigData\Lab14b SortableDynamicArray Application BigData\Lab14b SortableDynamicArray Application BigData.vcxproj" (Build target(s)).

Build succeeded.

Time Elapsed 00:00:01.71
