Build started 2015-12-15 오후 3:00:04.
     1>Project "C:\Users\Q\Desktop\NewRoad\TermProjectC\TermProjectC\TermProjectC.vcxproj" on node 2 (Build target(s)).
     1>ClCompile:
         C:\Program Files (x86)\Microsoft Visual Studio 14.0\VC\bin\CL.exe /c /Zi /nologo /W3 /WX- /sdl /O2 /Oi /Oy- /GL /D _MBCS /Gm- /EHsc /MD /GS /Gy /fp:precise /Zc:wchar_t /Zc:forScope /Zc:inline /Fo"Release\\" /Fd"Release\vc140.pdb" /Gd /TP /analyze- /errorReport:prompt MoonJeongOokTermProjectCDvcScheduleSearch.cpp
         MoonJeongOokTermProjectCDvcScheduleSearch.cpp
     1>MoonJeongOokTermProjectCDvcScheduleSearch.cpp(183): warning C4503: 'std::_Tree<std::_Tmap_traits<_Kty,_Ty,_Pr,_Alloc,false>>::_Insert_hint': decorated name length exceeded, name was truncated
                 with
                 [
                     _Kty=std::string,
                     _Ty=std::map<std::string,std::map<std::string,std::string,std::less<std::string>,std::allocator<std::pair<const std::string,std::string>>>,std::less<std::string>,std::allocator<std::pair<const std::string,std::map<std::string,std::string,std::less<std::string>,std::allocator<std::pair<const std::string,std::string>>>>>>,
                     _Pr=std::less<std::string>,
                     _Alloc=std::allocator<std::pair<const std::string,std::map<std::string,std::map<std::string,std::string,std::less<std::string>,std::allocator<std::pair<const std::string,std::string>>>,std::less<std::string>,std::allocator<std::pair<const std::string,std::map<std::string,std::string,std::less<std::string>,std::allocator<std::pair<const std::string,std::string>>>>>>>>
                 ]
     1>MoonJeongOokTermProjectCDvcScheduleSearch.cpp(183): warning C4503: 'std::_Tree<std::_Tmap_traits<_Kty,_Ty,_Pr,_Alloc,false>>::_Insert_at': decorated name length exceeded, name was truncated
                 with
                 [
                     _Kty=std::string,
                     _Ty=std::map<std::string,std::map<std::string,std::string,std::less<std::string>,std::allocator<std::pair<const std::string,std::string>>>,std::less<std::string>,std::allocator<std::pair<const std::string,std::map<std::string,std::string,std::less<std::string>,std::allocator<std::pair<const std::string,std::string>>>>>>,
                     _Pr=std::less<std::string>,
                     _Alloc=std::allocator<std::pair<const std::string,std::map<std::string,std::map<std::string,std::string,std::less<std::string>,std::allocator<std::pair<const std::string,std::string>>>,std::less<std::string>,std::allocator<std::pair<const std::string,std::map<std::string,std::string,std::less<std::string>,std::allocator<std::pair<const std::string,std::string>>>>>>>>
                 ]
     1>MoonJeongOokTermProjectCDvcScheduleSearch.cpp(183): warning C4503: 'std::_Tree<std::_Tmap_traits<_Kty,_Ty,_Pr,_Alloc,false>>::_Insert_nohint': decorated name length exceeded, name was truncated
                 with
                 [
                     _Kty=std::string,
                     _Ty=std::map<std::string,std::map<std::string,std::string,std::less<std::string>,std::allocator<std::pair<const std::string,std::string>>>,std::less<std::string>,std::allocator<std::pair<const std::string,std::map<std::string,std::string,std::less<std::string>,std::allocator<std::pair<const std::string,std::string>>>>>>,
                     _Pr=std::less<std::string>,
                     _Alloc=std::allocator<std::pair<const std::string,std::map<std::string,std::map<std::string,std::string,std::less<std::string>,std::allocator<std::pair<const std::string,std::string>>>,std::less<std::string>,std::allocator<std::pair<const std::string,std::map<std::string,std::string,std::less<std::string>,std::allocator<std::pair<const std::string,std::string>>>>>>>>
                 ]
     1>MoonJeongOokTermProjectCDvcScheduleSearch.cpp(183): warning C4503: 'std::_Tree<std::_Tmap_traits<_Kty,_Ty,_Pr,_Alloc,false>>::_Buynode_if_nil': decorated name length exceeded, name was truncated
                 with
                 [
                     _Kty=std::string,
                     _Ty=std::map<std::string,std::map<std::string,std::string,std::less<std::string>,std::allocator<std::pair<const std::string,std::string>>>,std::less<std::string>,std::allocator<std::pair<const std::string,std::map<std::string,std::string,std::less<std::string>,std::allocator<std::pair<const std::string,std::string>>>>>>,
                     _Pr=std::less<std::string>,
                     _Alloc=std::allocator<std::pair<const std::string,std::map<std::string,std::map<std::string,std::string,std::less<std::string>,std::allocator<std::pair<const std::string,std::string>>>,std::less<std::string>,std::allocator<std::pair<const std::string,std::map<std::string,std::string,std::less<std::string>,std::allocator<std::pair<const std::string,std::string>>>>>>>>
                 ]
       Link:
         C:\Program Files (x86)\Microsoft Visual Studio 14.0\VC\bin\link.exe /ERRORREPORT:PROMPT /OUT:"C:\Users\Q\Desktop\NewRoad\TermProjectC\Release\TermProjectC.exe" /NOLOGO kernel32.lib user32.lib gdi32.lib winspool.lib comdlg32.lib advapi32.lib shell32.lib ole32.lib oleaut32.lib uuid.lib odbc32.lib odbccp32.lib /MANIFEST /MANIFESTUAC:"level='asInvoker' uiAccess='false'" /manifest:embed /Debug /PDB:"C:\Users\Q\Desktop\NewRoad\TermProjectC\Release\TermProjectC.pdb" /OPT:REF /OPT:ICF /LTCG:incremental /TLBID:1 /DYNAMICBASE /NXCOMPAT /IMPLIB:"C:\Users\Q\Desktop\NewRoad\TermProjectC\Release\TermProjectC.lib" /MACHINE:X86 /SAFESEH Release\MoonJeongOokTermProjectCDvcScheduleSearch.obj
         Generating code
         10 of 648 functions ( 1.5%) were compiled, the rest were copied from previous compilation.
           9 functions were new in current compilation
           7 functions had inline decision re-evaluated but remain unchanged
         Finished generating code
         TermProjectC.vcxproj -> C:\Users\Q\Desktop\NewRoad\TermProjectC\Release\TermProjectC.exe
     1>Done Building Project "C:\Users\Q\Desktop\NewRoad\TermProjectC\TermProjectC\TermProjectC.vcxproj" (Build target(s)).

Build succeeded.

Time Elapsed 00:00:02.40
